out-April-211754.txt:r with traditional 0.475628
out-April-211923.txt:r with traditional 0.838343
out-April-211956.txt:r with traditional 0.856829
out-April-212114.txt:r with traditional 0.587392
out-April-212341.txt:r with traditional 0.637052
out-April-220103.txt:r with traditional 0.620321
out-April-220230.txt:r with traditional 0.875460
out-April-220345.txt:r with traditional 0.383234
out-April-220450.txt:r with traditional 0.665712
out-April-220551.txt:r with traditional 0.608425
out-April-220715.txt:r with traditional 0.673147
out-April-220924.txt:r with traditional 0.745160
out-April-221022.txt:r with traditional 0.550374
out-April-221236.txt:r with traditional 0.611414
out-April-221333.txt:r with traditional 0.607921
out-April-221444.txt:r with traditional 0.934508
out-April-221558.txt:r with traditional 0.690931
out-April-221656.txt:r with traditional 0.684075
out-April-221753.txt:r with traditional 0.446806
out-April-221918.txt:r with traditional 0.572079
out-April-222031.txt:r with traditional 0.490038
out-April-222149.txt:r with traditional 0.644109
out-April-222317.txt:r with traditional 0.247786

211754 0.475628
211923 0.838343
211956 0.856829
212114 0.587392
212341 0.637052
220103 0.620321
220230 0.875460
220345 0.383234
220450 0.665712
220551 0.608425
220715 0.673147
220924 0.745160
221022 0.550374
221236 0.611414
221333 0.607921
221444 0.934508
221558 0.690931
221656 0.684075
221753 0.446806
221918 0.572079
222031 0.490038
222149 0.644109
222317 0.247786
