out-April-060103.txt:original data path: /home/qiwu/work/neuro/data/P/20110920_memory002.mat
out-April-060119.txt:original data path: /home/qiwu/work/neuro/data/P/20110929_memory003G.mat
out-April-061434.txt:original data path: /home/qiwu/work/neuro/data/P/20110923_memory004.mat
out-April-061438.txt:original data path: /home/qiwu/work/neuro/data/P/20110210_memory003G.mat
out-April-061442.txt:original data path: /home/qiwu/work/neuro/data/P/20110929_memory013G.mat
out-April-061450.txt:original data path: /home/qiwu/work/neuro/data/P/20111005_memory005G.mat
out-April-061455.txt:original data path: /home/qiwu/work/neuro/data/P/20111007_memory003.mat
out-April-061502.txt:original data path: /home/qiwu/work/neuro/data/P/20111007_memory011G.mat
out-April-061508.txt:original data path: /home/qiwu/work/neuro/data/P/20111011_memory005.mat
out-April-061513.txt:original data path: /home/qiwu/work/neuro/data/P/20111012_memory008G.mat
out-April-061519.txt:original data path: /home/qiwu/work/neuro/data/P/20111014_memory003.mat
out-April-061526.txt:original data path: /home/qiwu/work/neuro/data/P/20111018_memory001G.mat
out-April-061537.txt:original data path: /home/qiwu/work/neuro/data/P/20111018_memory005G.mat
out-April-061556.txt:original data path: /home/qiwu/work/neuro/data/P/20111024_memory003.mat
out-April-061623.txt:original data path: /home/qiwu/work/neuro/data/P/20120128_memory005G.mat
out-April-061629.txt:original data path: /home/qiwu/work/neuro/data/P/20120131_memory005G.mat
out-April-061639.txt:original data path: /home/qiwu/work/neuro/data/P/20120206_memory012G.mat
out-April-061644.txt:original data path: /home/qiwu/work/neuro/data/P/20120208_memory020.mat
out-April-061648.txt:original data path: /home/qiwu/work/neuro/data/P/20120214_memory006.mat
out-April-061652.txt:original data path: /home/qiwu/work/neuro/data/P/20120311_memory009.mat
out-April-061658.txt:original data path: /home/qiwu/work/neuro/data/P/20120315_memory005G.mat
out-April-061716.txt:original data path: /home/qiwu/work/neuro/data/P/20120315_memory009.mat
out-April-061720.txt:original data path: /home/qiwu/work/neuro/data/P/20120328_memory009.mat
out-April-061726.txt:original data path: /home/qiwu/work/neuro/data/P/20120329_memory002G.mat

060103 0.293087
060119 0.828009
061434 0.692982
061438 0.748249
061442 0.453778
061450 0.655247
061455 0.561701
061502 0.818975
061508 0.387862
061513 0.659681
061519 0.485529
061526 0.598491
061537 0.694293
061556 0.361842
061623 0.551024
061629 0.458465
061639 0.891544
061644 0.564949
061648 0.601492
061652 0.288417
061658 0.489004
061716 0.412108
061720 0.584399
061726 0.147964

060103 0.338053
060119 0.830333
061434 0.662382
061438 0.743095
061442 0.458061
061450 0.642634
061455 0.568635
061502 0.815997
061508 0.313709
061513 0.642457
061519 0.510269
061526 0.573089
061537 0.711566
061556 0.400106
061623 0.534954
061629 0.468400
061639 0.892836
061644 0.587559
061648 0.529469
061652 0.357568
061658 0.490711
061716 0.398539
061720 0.537414
061726 0.103436
